<?xml version="1.0" encoding="UTF-8"?>
<!-- Generated by org.testng.reporters.JUnitXMLReporter -->
<testsuite ignored="0" hostname="LAPTOP-BO7T4716" failures="2" tests="2" name="TestPageTestandquiz" time="0.111" errors="0" timestamp="2021-03-10T20:03:34 CET">
  <testcase classname="Package_ZEMIS.TestPageTestandquiz" name="@AfterClass tearDownAfterClass" time="0.001">
    <failure type="java.lang.NullPointerException" message="Cannot invoke &amp;quot;org.openqa.selenium.WebDriver.close()&amp;quot; because &amp;quot;Package_ZEMIS.TestPageTestandquiz.driver&amp;quot; is null">
      <![CDATA[java.lang.NullPointerException: Cannot invoke "org.openqa.selenium.WebDriver.close()" because "Package_ZEMIS.TestPageTestandquiz.driver" is null
at Package_ZEMIS.TestPageTestandquiz.tearDownAfterClass(TestPageTestandquiz.java:22)
at java.base/java.util.ArrayList.forEach(ArrayList.java:1511)
... Removed 25 stack frames]]>
    </failure>
  </testcase> <!-- @AfterClass tearDownAfterClass -->
  <testcase classname="Package_ZEMIS.TestPageTestandquiz" name="ParametersTest" time="0.0">
    <failure type="org.testng.TestNGException" message="
Parameter &amp;apos;Brother&amp;apos; is required by @Test on method ParametersTest but has not been marked @Optional or defined
in C:\ExemplesJava\ZEMIS\TestNg.xml">
      <![CDATA[org.testng.TestNGException: 
Parameter 'Brother' is required by @Test on method ParametersTest but has not been marked @Optional or defined
in C:\ExemplesJava\ZEMIS\TestNg.xml
at java.base/java.util.ArrayList.forEach(ArrayList.java:1511)
... Removed 26 stack frames]]>
    </failure>
  </testcase> <!-- ParametersTest -->
  <testcase classname="Package_ZEMIS.TestPageTestandquiz" name="LanceAppli" time="0.003">
    <failure type="java.lang.NullPointerException" message="Cannot invoke &amp;quot;org.openqa.selenium.WebDriver.get(String)&amp;quot; because &amp;quot;Package_ZEMIS.TestPageTestandquiz.driver&amp;quot; is null">
      <![CDATA[java.lang.NullPointerException: Cannot invoke "org.openqa.selenium.WebDriver.get(String)" because "Package_ZEMIS.TestPageTestandquiz.driver" is null
at Package_ZEMIS.TestPageTestandquiz.LanceAppli(TestPageTestandquiz.java:59)
at java.base/java.util.ArrayList.forEach(ArrayList.java:1511)
... Removed 27 stack frames]]>
    </failure>
  </testcase> <!-- LanceAppli -->
</testsuite> <!-- TestPageTestandquiz -->
